{
  "RSpec": {
    "coverage": {
      "/Users/ericbelongea/Documents/turing_work/3mod/market_money_fe/config/environment.rb": {
        "lines": [
          null,
          1,
          null,
          null,
          1
        ]
      },
      "/Users/ericbelongea/Documents/turing_work/3mod/market_money_fe/config/application.rb": {
        "lines": [
          1,
          null,
          1,
          null,
          1,
          1,
          1,
          1,
          1,
          1,
          1,
          1,
          1,
          1,
          null,
          null,
          null,
          null,
          1,
          null,
          1,
          1,
          null,
          1,
          null,
          null,
          null,
          null,
          1,
          null,
          null,
          null,
          null,
          null,
          null,
          null,
          null,
          null,
          null,
          1,
          null,
          null
        ]
      },
      "/Users/ericbelongea/Documents/turing_work/3mod/market_money_fe/config/boot.rb": {
        "lines": [
          1,
          null,
          1,
          1
        ]
      },
      "/Users/ericbelongea/Documents/turing_work/3mod/market_money_fe/config/environments/test.rb": {
        "lines": [
          1,
          null,
          null,
          null,
          null,
          null,
          null,
          1,
          null,
          null,
          null,
          1,
          null,
          null,
          null,
          null,
          null,
          1,
          null,
          null,
          1,
          1,
          null,
          null,
          null,
          null,
          1,
          1,
          1,
          null,
          null,
          1,
          null,
          null,
          1,
          null,
          null,
          1,
          null,
          1,
          null,
          null,
          null,
          null,
          1,
          null,
          null,
          1,
          null,
          null,
          1,
          null,
          null,
          1,
          null,
          null,
          null,
          null,
          null,
          null,
          null,
          null,
          1,
          null
        ]
      },
      "/Users/ericbelongea/Documents/turing_work/3mod/market_money_fe/config/initializers/assets.rb": {
        "lines": [
          null,
          null,
          null,
          1,
          null,
          null,
          null,
          null,
          null,
          null,
          null,
          null
        ]
      },
      "/Users/ericbelongea/Documents/turing_work/3mod/market_money_fe/config/initializers/content_security_policy.rb": {
        "lines": [
          null,
          null,
          null,
          null,
          null,
          null,
          null,
          null,
          null,
          null,
          null,
          null,
          null,
          null,
          null,
          null,
          null,
          null,
          null,
          null,
          null,
          null,
          null,
          null,
          null
        ]
      },
      "/Users/ericbelongea/Documents/turing_work/3mod/market_money_fe/config/initializers/filter_parameter_logging.rb": {
        "lines": [
          null,
          null,
          null,
          null,
          null,
          1,
          null,
          null
        ]
      },
      "/Users/ericbelongea/Documents/turing_work/3mod/market_money_fe/config/initializers/inflections.rb": {
        "lines": [
          null,
          null,
          null,
          null,
          null,
          null,
          null,
          null,
          null,
          null,
          null,
          null,
          null,
          null,
          null,
          null
        ]
      },
      "/Users/ericbelongea/Documents/turing_work/3mod/market_money_fe/config/initializers/permissions_policy.rb": {
        "lines": [
          null,
          null,
          null,
          null,
          null,
          null,
          null,
          null,
          null,
          null,
          null,
          null,
          null
        ]
      },
      "/Users/ericbelongea/Documents/turing_work/3mod/market_money_fe/config/routes.rb": {
        "lines": [
          1,
          null,
          null,
          null,
          null,
          1,
          null,
          null,
          null,
          1,
          null,
          null
        ]
      },
      "/Users/ericbelongea/Documents/turing_work/3mod/market_money_fe/app/helpers/application_helper.rb": {
        "lines": [
          1,
          null
        ]
      },
      "/Users/ericbelongea/Documents/turing_work/3mod/market_money_fe/spec/models/market_spec.rb": {
        "lines": [
          1,
          null,
          1,
          1,
          null,
          null,
          null,
          1,
          1,
          1,
          1,
          null,
          null
        ]
      },
      "/Users/ericbelongea/Documents/turing_work/3mod/market_money_fe/app/poros/market.rb": {
        "lines": [
          1,
          1,
          null,
          1,
          4,
          4,
          4,
          4,
          4,
          4,
          4,
          4,
          4,
          4,
          null,
          null
        ]
      },
      "/Users/ericbelongea/Documents/turing_work/3mod/market_money_fe/app/controllers/markets_controller.rb": {
        "lines": [
          1,
          1,
          1,
          null,
          null,
          1,
          0,
          null,
          null
        ]
      },
      "/Users/ericbelongea/Documents/turing_work/3mod/market_money_fe/app/controllers/application_controller.rb": {
        "lines": [
          1,
          null
        ]
      },
      "/Users/ericbelongea/Documents/turing_work/3mod/market_money_fe/app/facades/market_facade.rb": {
        "lines": [
          1,
          1,
          1,
          1,
          5,
          4,
          null,
          null,
          null
        ]
      },
      "/Users/ericbelongea/Documents/turing_work/3mod/market_money_fe/app/services/market_service.rb": {
        "lines": [
          1,
          1,
          1,
          null,
          null,
          1,
          1,
          1,
          null,
          null,
          1,
          1,
          null,
          null,
          null
        ]
      }
    },
    "timestamp": 1702572371
  }
}
